<?xml version="1.0" encoding="UTF-8"?>
<!-- Generated by org.testng.reporters.JUnitReportReporter -->
<testsuite hostname="DESKTOP-IE075LI" failures="0" tests="1" name="com.saucedemo.TESTPACK.Tc02VerifyLogOutFunctionaltiy" time="7.419" errors="0" timestamp="2023-03-11T16:14:54 IST" skipped="0">
  <testcase classname="com.saucedemo.TESTPACK.Tc02VerifyLogOutFunctionaltiy" name="verifyLogOutFunctionality" time="7.419"/>
  <system-out/>
</testsuite> <!-- com.saucedemo.TESTPACK.Tc02VerifyLogOutFunctionaltiy -->
